[11:42:35] [WARNING] mysql_connect: no password specified
[12:53:03] [WARNING] mysql_connect: no password specified
[14:44:45] [WARNING] mysql_connect: no password specified
[15:00:28] [WARNING] mysql_connect: no password specified
[15:08:05] [WARNING] mysql_connect: no password specified
[15:27:54] [WARNING] mysql_connect: no password specified
[15:28:43] [ERROR] error #1146 while executing query "SELECT password FROM users WHERE name='farhanboutak' LIMIT 1": Table 'samp.users' doesn't exist
[15:28:49] [ERROR] error #1146 while executing query "SELECT id FROM users WHERE name='farhanboutak' LIMIT 1": Table 'samp.users' doesn't exist
[15:28:54] [ERROR] error #1146 while executing query "SELECT password FROM users WHERE name='farhanboutak' LIMIT 1": Table 'samp.users' doesn't exist
[15:28:55] [ERROR] error #1146 while executing query "SELECT password FROM users WHERE name='farhanboutak' LIMIT 1": Table 'samp.users' doesn't exist
[15:31:39] [WARNING] mysql_connect: no password specified
[15:38:38] [WARNING] mysql_connect: no password specified
[15:52:52] [WARNING] mysql_connect: no password specified
[16:00:46] [WARNING] mysql_connect: no password specified
[16:03:26] [WARNING] mysql_connect: no password specified
[16:03:26] [WARNING] mysql_connect: no password specified
[16:06:46] [WARNING] mysql_connect: no password specified
[16:14:18] [WARNING] mysql_connect: no password specified
[16:17:06] [WARNING] mysql_connect: no password specified
[16:28:41] [WARNING] mysql_connect: no password specified
[16:32:45] [WARNING] mysql_connect: no password specified
[16:35:19] [WARNING] mysql_connect: no password specified
[16:38:34] [WARNING] mysql_connect: no password specified
[16:45:20] [WARNING] mysql_connect: no password specified
[16:48:08] [WARNING] mysql_connect: no password specified
[16:52:54] [WARNING] mysql_connect: no password specified
[16:55:33] [WARNING] mysql_connect: no password specified
[16:59:02] [WARNING] mysql_connect: no password specified
[17:05:38] [WARNING] mysql_connect: no password specified
[17:06:50] [WARNING] mysql_connect: no password specified
[19:43:56] [WARNING] mysql_connect: no password specified
[19:47:31] [WARNING] mysql_connect: no password specified
[19:47:31] [WARNING] mysql_connect: no password specified
[22:34:07] [WARNING] mysql_connect: no password specified
[22:55:16] [WARNING] mysql_connect: no password specified
[23:03:52] [WARNING] mysql_connect: no password specified
[23:05:57] [WARNING] mysql_connect: no password specified
[23:13:01] [WARNING] mysql_connect: no password specified
[23:21:54] [WARNING] mysql_connect: no password specified
[23:32:05] [WARNING] mysql_connect: no password specified
[23:54:47] [WARNING] mysql_connect: no password specified
[23:56:26] [WARNING] mysql_connect: no password specified
[23:57:04] [WARNING] mysql_connect: no password specified
[23:59:04] [WARNING] mysql_connect: no password specified
[23:59:56] [WARNING] mysql_connect: no password specified
[00:06:50] [WARNING] mysql_connect: no password specified
[00:14:47] [WARNING] mysql_connect: no password specified
[00:19:07] [WARNING] mysql_connect: no password specified
[00:48:57] [WARNING] mysql_connect: no password specified
[00:49:12] [ERROR] error #1054 while executing query "SELECT password, admin FROM users WHERE name = 'mamarfarhan' LIMIT 1": Unknown column 'admin' in 'field list'
[00:53:46] [WARNING] mysql_connect: no password specified
[00:54:01] [ERROR] error #1054 while executing query "SELECT password, admin FROM users WHERE name = 'mamarfarhan' LIMIT 1": Unknown column 'admin' in 'field list'
[00:56:13] [WARNING] mysql_connect: no password specified
[00:56:29] [ERROR] error #1054 while executing query "SELECT password, admin FROM users WHERE name = 'mamarfarhan' LIMIT 1": Unknown column 'admin' in 'field list'
[01:01:02] [WARNING] mysql_connect: no password specified
[01:01:02] [WARNING] mysql_connect: no password specified
[01:01:10] [WARNING] mysql_connect: no password specified
[01:01:11] [WARNING] mysql_connect: no password specified
[01:01:28] [ERROR] error #1054 while executing query "SELECT password, admin FROM users WHERE name = 'mamarfarhan' LIMIT 1": Unknown column 'admin' in 'field list'
[01:02:22] [ERROR] error #1054 while executing query "SELECT password, admin FROM users WHERE name = 'mamarfarhan' LIMIT 1": Unknown column 'admin' in 'field list'
[12:55:24] [WARNING] mysql_connect: no password specified
[12:55:28] [ERROR] CConnection::CConnection - establishing connection to MySQL database failed: #2002 'Can't connect to MySQL server on 'localhost' (10061)'
[12:55:32] [ERROR] CConnection::CConnection - establishing connection to MySQL database failed: #2002 'Can't connect to MySQL server on 'localhost' (10061)'
[12:55:36] [ERROR] CConnection::CConnection - establishing connection to MySQL database failed: #2002 'Can't connect to MySQL server on 'localhost' (10061)'
[12:55:40] [ERROR] CConnection::CConnection - establishing connection to MySQL database failed: #2002 'Can't connect to MySQL server on 'localhost' (10061)'
[12:56:06] [ERROR] mysql_format: can't escape string 'farhanboutak'
[14:23:46] [WARNING] mysql_connect: no password specified
[14:23:51] [ERROR] CConnection::CConnection - establishing connection to MySQL database failed: #2002 'Can't connect to MySQL server on 'localhost' (10061)'
[14:23:55] [ERROR] CConnection::CConnection - establishing connection to MySQL database failed: #2002 'Can't connect to MySQL server on 'localhost' (10061)'
[14:23:59] [ERROR] CConnection::CConnection - establishing connection to MySQL database failed: #2002 'Can't connect to MySQL server on 'localhost' (10061)'
[14:24:03] [ERROR] CConnection::CConnection - establishing connection to MySQL database failed: #2002 'Can't connect to MySQL server on 'localhost' (10061)'
[14:24:24] [ERROR] mysql_format: can't escape string 'farhanboutak'
[18:23:30] [WARNING] mysql_connect: no password specified
[18:39:28] [WARNING] mysql_connect: no password specified
[18:41:47] [WARNING] mysql_connect: no password specified
[18:43:53] [WARNING] mysql_connect: no password specified
[18:43:54] [WARNING] mysql_connect: no password specified
[20:35:16] [WARNING] mysql_connect: no password specified
[20:35:27] [WARNING] mysql_connect: no password specified
[20:36:10] [WARNING] mysql_connect: no password specified
[21:03:48] [WARNING] mysql_connect: no password specified
[21:21:04] [WARNING] mysql_connect: no password specified
[21:21:27] [ERROR] error #1054 while executing query "SELECT id, charname, skin, lastlogin, birthdate FROM characters WHERE owner = 'farhanboutak' ORDER BY id ASC LIMIT 3": Unknown column 'birthdate' in 'field list'
[21:22:37] [ERROR] error #1054 while executing query "SELECT id, charname, skin, lastlogin, birthdate FROM characters WHERE owner = 'farhanboutakp' ORDER BY id ASC LIMIT 3": Unknown column 'birthdate' in 'field list'
[21:25:54] [WARNING] mysql_connect: no password specified
[21:34:26] [WARNING] mysql_connect: no password specified
